<?xml version="1.0" encoding="UTF-8"?>
<testsuites>
  <testsuite name="hello" timestamp="2024-07-08T09:29:13Z" hostname="5c8f32e43e59" tests="3" skipped="0" failures="0" errors="0" time="0.221">
    <testcase time="0.013" classname="hello" name="hello_works"/>
    <testcase time="0.195" classname="hello" name="hello_cli_works"/>
    <testcase time="0.013" classname="hello" name="fix_me_"/>
  </testsuite>
</testsuites>
